<?xml version="1.0" encoding="UTF-8" ?>
<testsuite failures="0" time="0.023" errors="1" skipped="0" tests="9" name="udt.packets.TestPacketFactory">
  <properties>
[...]
</properties>
  <testcase time="0.01" classname="udt.packets.TestPacketFactory" name="testData">
    <error type="java.lang.ArrayIndexOutOfBoundsException">java.lang.ArrayIndexOutOfBoundsException
	at java.lang.System.arraycopy(Native Method)
	at udt.packets.DataPacket.getEncoded(DataPacket.java:137)
	at udt.packets.TestPacketFactory.testData(TestPacketFactory.java:26)
</error>
    <system-out>@HL
@HL-------------------------------------------------------
@HL T E S T S
@HL-------------------------------------------------------
@SLRunning udt.packets.TestPacketFactory
</system-out>
  </testcase>
  <testcase time="0.001" classname="udt.packets.TestPacketFactory" name="testConnectionHandshake"/>
  <testcase time="0" classname="udt.packets.TestPacketFactory" name="testAcknowledgement"/>
  <testcase time="0" classname="udt.packets.TestPacketFactory" name="testAcknowledgementOfAcknowledgement"/>
  <testcase time="0.001" classname="udt.packets.TestPacketFactory" name="testNegativeAcknowledgement"/>
  <testcase time="0.001" classname="udt.packets.TestPacketFactory" name="testNegativeAcknowledgement2"/>
  <testcase time="0" classname="udt.packets.TestPacketFactory" name="testNegativeAcknowledgement3"/>
  <testcase time="0" classname="udt.packets.TestPacketFactory" name="testShutdown"/>
  <testcase time="0" classname="udt.packets.TestPacketFactory" name="testMessageDropRequest"/>
</testsuite>